2024-11-03T11:04:50.102+05:30  INFO 3756 --- [FD-Aggregator] [main] c.e.F.A.FdAggregatorApplication          : Starting FdAggregatorApplication using Java 23 with PID 3756 (E:\Spring Boot\FD-Aggregator\target\classes started by ACER in E:\Spring Boot\FD-Aggregator)
2024-11-03T11:04:50.126+05:30 DEBUG 3756 --- [FD-Aggregator] [main] c.e.F.A.FdAggregatorApplication          : Running with Spring Boot v3.3.5, Spring v6.1.14
2024-11-03T11:04:50.128+05:30  INFO 3756 --- [FD-Aggregator] [main] c.e.F.A.FdAggregatorApplication          : No active profile set, falling back to 1 default profile: "default"
2024-11-03T11:04:55.486+05:30  INFO 3756 --- [FD-Aggregator] [main] o.apache.catalina.core.StandardService   : Starting service [Tomcat]
2024-11-03T11:04:55.488+05:30  INFO 3756 --- [FD-Aggregator] [main] o.apache.catalina.core.StandardEngine    : Starting Servlet engine: [Apache Tomcat/10.1.31]
2024-11-03T11:04:55.679+05:30  INFO 3756 --- [FD-Aggregator] [main] o.a.c.c.C.[Tomcat].[localhost].[/]       : Initializing Spring embedded WebApplicationContext
2024-11-03T11:04:56.205+05:30  INFO 3756 --- [FD-Aggregator] [main] o.hibernate.jpa.internal.util.LogHelper  : HHH000204: Processing PersistenceUnitInfo [name: default]
2024-11-03T11:04:56.365+05:30  INFO 3756 --- [FD-Aggregator] [main] org.hibernate.Version                    : HHH000412: Hibernate ORM core version 6.5.3.Final
2024-11-03T11:04:56.455+05:30  INFO 3756 --- [FD-Aggregator] [main] o.h.c.internal.RegionFactoryInitiator    : HHH000026: Second-level cache disabled
2024-11-03T11:04:57.399+05:30  INFO 3756 --- [FD-Aggregator] [main] com.zaxxer.hikari.HikariDataSource       : HikariPool-1 - Starting...
2024-11-03T11:04:58.200+05:30  INFO 3756 --- [FD-Aggregator] [main] com.zaxxer.hikari.pool.HikariPool        : HikariPool-1 - Added connection org.postgresql.jdbc.PgConnection@5f33e6d
2024-11-03T11:04:58.207+05:30  INFO 3756 --- [FD-Aggregator] [main] com.zaxxer.hikari.HikariDataSource       : HikariPool-1 - Start completed.
2024-11-03T11:04:58.387+05:30  WARN 3756 --- [FD-Aggregator] [main] org.hibernate.orm.deprecation            : HHH90000025: PostgreSQLDialect does not need to be specified explicitly using 'hibernate.dialect' (remove the property setting and it will be selected by default)
2024-11-03T11:05:00.277+05:30  INFO 3756 --- [FD-Aggregator] [main] o.h.e.t.j.p.i.JtaPlatformInitiator       : HHH000489: No JTA platform available (set 'hibernate.transaction.jta.platform' to enable JTA platform integration)
2024-11-03T11:05:02.366+05:30  WARN 3756 --- [FD-Aggregator] [main] JpaBaseConfiguration$JpaWebConfiguration : spring.jpa.open-in-view is enabled by default. Therefore, database queries may be performed during view rendering. Explicitly configure spring.jpa.open-in-view to disable this warning
2024-11-03T11:05:04.043+05:30  INFO 3756 --- [FD-Aggregator] [main] c.e.F.A.FdAggregatorApplication          : Started FdAggregatorApplication in 15.917 seconds (process running for 24.907)
2024-11-03T11:11:30.008+05:30  INFO 3756 --- [FD-Aggregator] [http-nio-8084-exec-2] o.a.c.c.C.[Tomcat].[localhost].[/]       : Initializing Spring DispatcherServlet 'dispatcherServlet'
2024-11-03T11:11:31.133+05:30 ERROR 3756 --- [FD-Aggregator] [http-nio-8084-exec-2] o.a.c.c.C.[.[.[/].[dispatcherServlet]    : Servlet.service() for servlet [dispatcherServlet] in context with path [] threw exception [Request processing failed: java.lang.IllegalArgumentException: Email already in use] with root cause

java.lang.IllegalArgumentException: Email already in use
	at com.example.FD.Aggregator.service.UserService.registerUser(UserService.java:27) ~[classes/:na]
	at com.example.FD.Aggregator.controller.AuthController.register(AuthController.java:19) ~[classes/:na]
	at java.base/jdk.internal.reflect.DirectMethodHandleAccessor.invoke(DirectMethodHandleAccessor.java:103) ~[na:na]
	at java.base/java.lang.reflect.Method.invoke(Method.java:580) ~[na:na]
	at org.springframework.web.method.support.InvocableHandlerMethod.doInvoke(InvocableHandlerMethod.java:255) ~[spring-web-6.1.14.jar:6.1.14]
	at org.springframework.web.method.support.InvocableHandlerMethod.invokeForRequest(InvocableHandlerMethod.java:188) ~[spring-web-6.1.14.jar:6.1.14]
	at org.springframework.web.servlet.mvc.method.annotation.ServletInvocableHandlerMethod.invokeAndHandle(ServletInvocableHandlerMethod.java:118) ~[spring-webmvc-6.1.14.jar:6.1.14]
	at org.springframework.web.servlet.mvc.method.annotation.RequestMappingHandlerAdapter.invokeHandlerMethod(RequestMappingHandlerAdapter.java:926) ~[spring-webmvc-6.1.14.jar:6.1.14]
	at org.springframework.web.servlet.mvc.method.annotation.RequestMappingHandlerAdapter.handleInternal(RequestMappingHandlerAdapter.java:831) ~[spring-webmvc-6.1.14.jar:6.1.14]
	at org.springframework.web.servlet.mvc.method.AbstractHandlerMethodAdapter.handle(AbstractHandlerMethodAdapter.java:87) ~[spring-webmvc-6.1.14.jar:6.1.14]
	at org.springframework.web.servlet.DispatcherServlet.doDispatch(DispatcherServlet.java:1089) ~[spring-webmvc-6.1.14.jar:6.1.14]
	at org.springframework.web.servlet.DispatcherServlet.doService(DispatcherServlet.java:979) ~[spring-webmvc-6.1.14.jar:6.1.14]
	at org.springframework.web.servlet.FrameworkServlet.processRequest(FrameworkServlet.java:1014) ~[spring-webmvc-6.1.14.jar:6.1.14]
	at org.springframework.web.servlet.FrameworkServlet.doPost(FrameworkServlet.java:914) ~[spring-webmvc-6.1.14.jar:6.1.14]
	at jakarta.servlet.http.HttpServlet.service(HttpServlet.java:590) ~[tomcat-embed-core-10.1.31.jar:6.0]
	at org.springframework.web.servlet.FrameworkServlet.service(FrameworkServlet.java:885) ~[spring-webmvc-6.1.14.jar:6.1.14]
	at jakarta.servlet.http.HttpServlet.service(HttpServlet.java:658) ~[tomcat-embed-core-10.1.31.jar:6.0]
	at org.apache.catalina.core.ApplicationFilterChain.internalDoFilter(ApplicationFilterChain.java:195) ~[tomcat-embed-core-10.1.31.jar:10.1.31]
	at org.apache.catalina.core.ApplicationFilterChain.doFilter(ApplicationFilterChain.java:140) ~[tomcat-embed-core-10.1.31.jar:10.1.31]
	at org.apache.tomcat.websocket.server.WsFilter.doFilter(WsFilter.java:51) ~[tomcat-embed-websocket-10.1.31.jar:10.1.31]
	at org.apache.catalina.core.ApplicationFilterChain.internalDoFilter(ApplicationFilterChain.java:164) ~[tomcat-embed-core-10.1.31.jar:10.1.31]
	at org.apache.catalina.core.ApplicationFilterChain.doFilter(ApplicationFilterChain.java:140) ~[tomcat-embed-core-10.1.31.jar:10.1.31]
	at org.springframework.web.filter.CompositeFilter$VirtualFilterChain.doFilter(CompositeFilter.java:108) ~[spring-web-6.1.14.jar:6.1.14]
	at org.springframework.security.web.FilterChainProxy.lambda$doFilterInternal$3(FilterChainProxy.java:231) ~[spring-security-web-6.3.4.jar:6.3.4]
	at org.springframework.security.web.FilterChainProxy$VirtualFilterChain.doFilter(FilterChainProxy.java:365) ~[spring-security-web-6.3.4.jar:6.3.4]
	at org.springframework.security.web.access.intercept.AuthorizationFilter.doFilter(AuthorizationFilter.java:100) ~[spring-security-web-6.3.4.jar:6.3.4]
	at org.springframework.security.web.FilterChainProxy$VirtualFilterChain.doFilter(FilterChainProxy.java:374) ~[spring-security-web-6.3.4.jar:6.3.4]
	at org.springframework.security.web.access.ExceptionTranslationFilter.doFilter(ExceptionTranslationFilter.java:126) ~[spring-security-web-6.3.4.jar:6.3.4]
	at org.springframework.security.web.access.ExceptionTranslationFilter.doFilter(ExceptionTranslationFilter.java:120) ~[spring-security-web-6.3.4.jar:6.3.4]
	at org.springframework.security.web.FilterChainProxy$VirtualFilterChain.doFilter(FilterChainProxy.java:374) ~[spring-security-web-6.3.4.jar:6.3.4]
	at org.springframework.security.web.authentication.AnonymousAuthenticationFilter.doFilter(AnonymousAuthenticationFilter.java:100) ~[spring-security-web-6.3.4.jar:6.3.4]
	at org.springframework.security.web.FilterChainProxy$VirtualFilterChain.doFilter(FilterChainProxy.java:374) ~[spring-security-web-6.3.4.jar:6.3.4]
	at org.springframework.security.web.servletapi.SecurityContextHolderAwareRequestFilter.doFilter(SecurityContextHolderAwareRequestFilter.java:179) ~[spring-security-web-6.3.4.jar:6.3.4]
	at org.springframework.security.web.FilterChainProxy$VirtualFilterChain.doFilter(FilterChainProxy.java:374) ~[spring-security-web-6.3.4.jar:6.3.4]
	at org.springframework.security.web.savedrequest.RequestCacheAwareFilter.doFilter(RequestCacheAwareFilter.java:63) ~[spring-security-web-6.3.4.jar:6.3.4]
	at org.springframework.security.web.FilterChainProxy$VirtualFilterChain.doFilter(FilterChainProxy.java:374) ~[spring-security-web-6.3.4.jar:6.3.4]
	at org.springframework.security.web.authentication.ui.DefaultLogoutPageGeneratingFilter.doFilterInternal(DefaultLogoutPageGeneratingFilter.java:58) ~[spring-security-web-6.3.4.jar:6.3.4]
	at org.springframework.web.filter.OncePerRequestFilter.doFilter(OncePerRequestFilter.java:116) ~[spring-web-6.1.14.jar:6.1.14]
	at org.springframework.security.web.FilterChainProxy$VirtualFilterChain.doFilter(FilterChainProxy.java:374) ~[spring-security-web-6.3.4.jar:6.3.4]
	at org.springframework.security.web.authentication.ui.DefaultLoginPageGeneratingFilter.doFilter(DefaultLoginPageGeneratingFilter.java:189) ~[spring-security-web-6.3.4.jar:6.3.4]
	at org.springframework.security.web.authentication.ui.DefaultLoginPageGeneratingFilter.doFilter(DefaultLoginPageGeneratingFilter.java:175) ~[spring-security-web-6.3.4.jar:6.3.4]
	at org.springframework.security.web.FilterChainProxy$VirtualFilterChain.doFilter(FilterChainProxy.java:374) ~[spring-security-web-6.3.4.jar:6.3.4]
	at org.springframework.security.web.authentication.AbstractAuthenticationProcessingFilter.doFilter(AbstractAuthenticationProcessingFilter.java:227) ~[spring-security-web-6.3.4.jar:6.3.4]
	at org.springframework.security.web.authentication.AbstractAuthenticationProcessingFilter.doFilter(AbstractAuthenticationProcessingFilter.java:221) ~[spring-security-web-6.3.4.jar:6.3.4]
	at org.springframework.security.web.FilterChainProxy$VirtualFilterChain.doFilter(FilterChainProxy.java:374) ~[spring-security-web-6.3.4.jar:6.3.4]
	at org.springframework.security.web.authentication.logout.LogoutFilter.doFilter(LogoutFilter.java:107) ~[spring-security-web-6.3.4.jar:6.3.4]
	at org.springframework.security.web.authentication.logout.LogoutFilter.doFilter(LogoutFilter.java:93) ~[spring-security-web-6.3.4.jar:6.3.4]
	at org.springframework.security.web.FilterChainProxy$VirtualFilterChain.doFilter(FilterChainProxy.java:374) ~[spring-security-web-6.3.4.jar:6.3.4]
	at org.springframework.security.web.csrf.CsrfFilter.doFilterInternal(CsrfFilter.java:117) ~[spring-security-web-6.3.4.jar:6.3.4]
	at org.springframework.web.filter.OncePerRequestFilter.doFilter(OncePerRequestFilter.java:116) ~[spring-web-6.1.14.jar:6.1.14]
	at org.springframework.security.web.FilterChainProxy$VirtualFilterChain.doFilter(FilterChainProxy.java:374) ~[spring-security-web-6.3.4.jar:6.3.4]
	at org.springframework.security.web.header.HeaderWriterFilter.doHeadersAfter(HeaderWriterFilter.java:90) ~[spring-security-web-6.3.4.jar:6.3.4]
	at org.springframework.security.web.header.HeaderWriterFilter.doFilterInternal(HeaderWriterFilter.java:75) ~[spring-security-web-6.3.4.jar:6.3.4]
	at org.springframework.web.filter.OncePerRequestFilter.doFilter(OncePerRequestFilter.java:116) ~[spring-web-6.1.14.jar:6.1.14]
	at org.springframework.security.web.FilterChainProxy$VirtualFilterChain.doFilter(FilterChainProxy.java:374) ~[spring-security-web-6.3.4.jar:6.3.4]
	at org.springframework.security.web.context.SecurityContextHolderFilter.doFilter(SecurityContextHolderFilter.java:82) ~[spring-security-web-6.3.4.jar:6.3.4]
	at org.springframework.security.web.context.SecurityContextHolderFilter.doFilter(SecurityContextHolderFilter.java:69) ~[spring-security-web-6.3.4.jar:6.3.4]
	at org.springframework.security.web.FilterChainProxy$VirtualFilterChain.doFilter(FilterChainProxy.java:374) ~[spring-security-web-6.3.4.jar:6.3.4]
	at org.springframework.security.web.context.request.async.WebAsyncManagerIntegrationFilter.doFilterInternal(WebAsyncManagerIntegrationFilter.java:62) ~[spring-security-web-6.3.4.jar:6.3.4]
	at org.springframework.web.filter.OncePerRequestFilter.doFilter(OncePerRequestFilter.java:116) ~[spring-web-6.1.14.jar:6.1.14]
	at org.springframework.security.web.FilterChainProxy$VirtualFilterChain.doFilter(FilterChainProxy.java:374) ~[spring-security-web-6.3.4.jar:6.3.4]
	at org.springframework.security.web.session.DisableEncodeUrlFilter.doFilterInternal(DisableEncodeUrlFilter.java:42) ~[spring-security-web-6.3.4.jar:6.3.4]
	at org.springframework.web.filter.OncePerRequestFilter.doFilter(OncePerRequestFilter.java:116) ~[spring-web-6.1.14.jar:6.1.14]
	at org.springframework.security.web.FilterChainProxy$VirtualFilterChain.doFilter(FilterChainProxy.java:374) ~[spring-security-web-6.3.4.jar:6.3.4]
	at org.springframework.security.web.FilterChainProxy.doFilterInternal(FilterChainProxy.java:233) ~[spring-security-web-6.3.4.jar:6.3.4]
	at org.springframework.security.web.FilterChainProxy.doFilter(FilterChainProxy.java:191) ~[spring-security-web-6.3.4.jar:6.3.4]
	at org.springframework.web.filter.CompositeFilter$VirtualFilterChain.doFilter(CompositeFilter.java:113) ~[spring-web-6.1.14.jar:6.1.14]
	at org.springframework.web.servlet.handler.HandlerMappingIntrospector.lambda$createCacheFilter$3(HandlerMappingIntrospector.java:195) ~[spring-webmvc-6.1.14.jar:6.1.14]
	at org.springframework.web.filter.CompositeFilter$VirtualFilterChain.doFilter(CompositeFilter.java:113) ~[spring-web-6.1.14.jar:6.1.14]
	at org.springframework.web.filter.CompositeFilter.doFilter(CompositeFilter.java:74) ~[spring-web-6.1.14.jar:6.1.14]
	at org.springframework.security.config.annotation.web.configuration.WebMvcSecurityConfiguration$CompositeFilterChainProxy.doFilter(WebMvcSecurityConfiguration.java:230) ~[spring-security-config-6.3.4.jar:6.3.4]
	at org.springframework.web.filter.DelegatingFilterProxy.invokeDelegate(DelegatingFilterProxy.java:362) ~[spring-web-6.1.14.jar:6.1.14]
	at org.springframework.web.filter.DelegatingFilterProxy.doFilter(DelegatingFilterProxy.java:278) ~[spring-web-6.1.14.jar:6.1.14]
	at org.apache.catalina.core.ApplicationFilterChain.internalDoFilter(ApplicationFilterChain.java:164) ~[tomcat-embed-core-10.1.31.jar:10.1.31]
	at org.apache.catalina.core.ApplicationFilterChain.doFilter(ApplicationFilterChain.java:140) ~[tomcat-embed-core-10.1.31.jar:10.1.31]
	at org.springframework.web.filter.RequestContextFilter.doFilterInternal(RequestContextFilter.java:100) ~[spring-web-6.1.14.jar:6.1.14]
	at org.springframework.web.filter.OncePerRequestFilter.doFilter(OncePerRequestFilter.java:116) ~[spring-web-6.1.14.jar:6.1.14]
	at org.apache.catalina.core.ApplicationFilterChain.internalDoFilter(ApplicationFilterChain.java:164) ~[tomcat-embed-core-10.1.31.jar:10.1.31]
	at org.apache.catalina.core.ApplicationFilterChain.doFilter(ApplicationFilterChain.java:140) ~[tomcat-embed-core-10.1.31.jar:10.1.31]
	at org.springframework.web.filter.FormContentFilter.doFilterInternal(FormContentFilter.java:93) ~[spring-web-6.1.14.jar:6.1.14]
	at org.springframework.web.filter.OncePerRequestFilter.doFilter(OncePerRequestFilter.java:116) ~[spring-web-6.1.14.jar:6.1.14]
	at org.apache.catalina.core.ApplicationFilterChain.internalDoFilter(ApplicationFilterChain.java:164) ~[tomcat-embed-core-10.1.31.jar:10.1.31]
	at org.apache.catalina.core.ApplicationFilterChain.doFilter(ApplicationFilterChain.java:140) ~[tomcat-embed-core-10.1.31.jar:10.1.31]
	at org.springframework.session.web.http.SessionRepositoryFilter.doFilterInternal(SessionRepositoryFilter.java:142) ~[spring-session-core-3.3.3.jar:3.3.3]
	at org.springframework.session.web.http.OncePerRequestFilter.doFilter(OncePerRequestFilter.java:82) ~[spring-session-core-3.3.3.jar:3.3.3]
	at org.springframework.web.filter.DelegatingFilterProxy.invokeDelegate(DelegatingFilterProxy.java:362) ~[spring-web-6.1.14.jar:6.1.14]
	at org.springframework.web.filter.DelegatingFilterProxy.doFilter(DelegatingFilterProxy.java:278) ~[spring-web-6.1.14.jar:6.1.14]
	at org.apache.catalina.core.ApplicationFilterChain.internalDoFilter(ApplicationFilterChain.java:164) ~[tomcat-embed-core-10.1.31.jar:10.1.31]
	at org.apache.catalina.core.ApplicationFilterChain.doFilter(ApplicationFilterChain.java:140) ~[tomcat-embed-core-10.1.31.jar:10.1.31]
	at org.springframework.web.filter.CharacterEncodingFilter.doFilterInternal(CharacterEncodingFilter.java:201) ~[spring-web-6.1.14.jar:6.1.14]
	at org.springframework.web.filter.OncePerRequestFilter.doFilter(OncePerRequestFilter.java:116) ~[spring-web-6.1.14.jar:6.1.14]
	at org.apache.catalina.core.ApplicationFilterChain.internalDoFilter(ApplicationFilterChain.java:164) ~[tomcat-embed-core-10.1.31.jar:10.1.31]
	at org.apache.catalina.core.ApplicationFilterChain.doFilter(ApplicationFilterChain.java:140) ~[tomcat-embed-core-10.1.31.jar:10.1.31]
	at org.apache.catalina.core.StandardWrapperValve.invoke(StandardWrapperValve.java:167) ~[tomcat-embed-core-10.1.31.jar:10.1.31]
	at org.apache.catalina.core.StandardContextValve.invoke(StandardContextValve.java:90) ~[tomcat-embed-core-10.1.31.jar:10.1.31]
	at org.apache.catalina.authenticator.AuthenticatorBase.invoke(AuthenticatorBase.java:483) ~[tomcat-embed-core-10.1.31.jar:10.1.31]
	at org.apache.catalina.core.StandardHostValve.invoke(StandardHostValve.java:115) ~[tomcat-embed-core-10.1.31.jar:10.1.31]
	at org.apache.catalina.valves.ErrorReportValve.invoke(ErrorReportValve.java:93) ~[tomcat-embed-core-10.1.31.jar:10.1.31]
	at org.apache.catalina.core.StandardEngineValve.invoke(StandardEngineValve.java:74) ~[tomcat-embed-core-10.1.31.jar:10.1.31]
	at org.apache.catalina.connector.CoyoteAdapter.service(CoyoteAdapter.java:344) ~[tomcat-embed-core-10.1.31.jar:10.1.31]
	at org.apache.coyote.http11.Http11Processor.service(Http11Processor.java:384) ~[tomcat-embed-core-10.1.31.jar:10.1.31]
	at org.apache.coyote.AbstractProcessorLight.process(AbstractProcessorLight.java:63) ~[tomcat-embed-core-10.1.31.jar:10.1.31]
	at org.apache.coyote.AbstractProtocol$ConnectionHandler.process(AbstractProtocol.java:905) ~[tomcat-embed-core-10.1.31.jar:10.1.31]
	at org.apache.tomcat.util.net.NioEndpoint$SocketProcessor.doRun(NioEndpoint.java:1741) ~[tomcat-embed-core-10.1.31.jar:10.1.31]
	at org.apache.tomcat.util.net.SocketProcessorBase.run(SocketProcessorBase.java:52) ~[tomcat-embed-core-10.1.31.jar:10.1.31]
	at org.apache.tomcat.util.threads.ThreadPoolExecutor.runWorker(ThreadPoolExecutor.java:1190) ~[tomcat-embed-core-10.1.31.jar:10.1.31]
	at org.apache.tomcat.util.threads.ThreadPoolExecutor$Worker.run(ThreadPoolExecutor.java:659) ~[tomcat-embed-core-10.1.31.jar:10.1.31]
	at org.apache.tomcat.util.threads.TaskThread$WrappingRunnable.run(TaskThread.java:63) ~[tomcat-embed-core-10.1.31.jar:10.1.31]
	at java.base/java.lang.Thread.run(Thread.java:1575) ~[na:na]

2024-11-03T11:42:17.636+05:30  INFO 3756 --- [FD-Aggregator] [SpringApplicationShutdownHook] com.zaxxer.hikari.HikariDataSource       : HikariPool-1 - Shutdown initiated...
2024-11-03T11:42:17.663+05:30  INFO 3756 --- [FD-Aggregator] [SpringApplicationShutdownHook] com.zaxxer.hikari.HikariDataSource       : HikariPool-1 - Shutdown completed.
2024-11-03T11:44:30.015+05:30  INFO 18776 --- [FD-Aggregator] [main] c.e.F.A.FdAggregatorApplication          : Starting FdAggregatorApplication using Java 23 with PID 18776 (E:\Spring Boot\FD-Aggregator\target\classes started by ACER in E:\Spring Boot\FD-Aggregator)
2024-11-03T11:44:30.018+05:30 DEBUG 18776 --- [FD-Aggregator] [main] c.e.F.A.FdAggregatorApplication          : Running with Spring Boot v3.3.5, Spring v6.1.14
2024-11-03T11:44:30.020+05:30  INFO 18776 --- [FD-Aggregator] [main] c.e.F.A.FdAggregatorApplication          : No active profile set, falling back to 1 default profile: "default"
2024-11-03T11:44:34.316+05:30  INFO 18776 --- [FD-Aggregator] [main] o.apache.catalina.core.StandardService   : Starting service [Tomcat]
2024-11-03T11:44:34.316+05:30  INFO 18776 --- [FD-Aggregator] [main] o.apache.catalina.core.StandardEngine    : Starting Servlet engine: [Apache Tomcat/10.1.31]
2024-11-03T11:44:34.511+05:30  INFO 18776 --- [FD-Aggregator] [main] o.a.c.c.C.[Tomcat].[localhost].[/]       : Initializing Spring embedded WebApplicationContext
2024-11-03T11:44:34.915+05:30  INFO 18776 --- [FD-Aggregator] [main] o.hibernate.jpa.internal.util.LogHelper  : HHH000204: Processing PersistenceUnitInfo [name: default]
2024-11-03T11:44:35.065+05:30  INFO 18776 --- [FD-Aggregator] [main] org.hibernate.Version                    : HHH000412: Hibernate ORM core version 6.5.3.Final
2024-11-03T11:44:35.164+05:30  INFO 18776 --- [FD-Aggregator] [main] o.h.c.internal.RegionFactoryInitiator    : HHH000026: Second-level cache disabled
2024-11-03T11:44:36.317+05:30  INFO 18776 --- [FD-Aggregator] [main] com.zaxxer.hikari.HikariDataSource       : HikariPool-1 - Starting...
2024-11-03T11:44:37.011+05:30  INFO 18776 --- [FD-Aggregator] [main] com.zaxxer.hikari.pool.HikariPool        : HikariPool-1 - Added connection org.postgresql.jdbc.PgConnection@6550ce46
2024-11-03T11:44:37.017+05:30  INFO 18776 --- [FD-Aggregator] [main] com.zaxxer.hikari.HikariDataSource       : HikariPool-1 - Start completed.
2024-11-03T11:44:37.141+05:30  WARN 18776 --- [FD-Aggregator] [main] org.hibernate.orm.deprecation            : HHH90000025: PostgreSQLDialect does not need to be specified explicitly using 'hibernate.dialect' (remove the property setting and it will be selected by default)
2024-11-03T11:44:39.625+05:30  INFO 18776 --- [FD-Aggregator] [main] o.h.e.t.j.p.i.JtaPlatformInitiator       : HHH000489: No JTA platform available (set 'hibernate.transaction.jta.platform' to enable JTA platform integration)
2024-11-03T11:44:42.552+05:30  WARN 18776 --- [FD-Aggregator] [main] JpaBaseConfiguration$JpaWebConfiguration : spring.jpa.open-in-view is enabled by default. Therefore, database queries may be performed during view rendering. Explicitly configure spring.jpa.open-in-view to disable this warning
2024-11-03T11:44:46.666+05:30  INFO 18776 --- [FD-Aggregator] [main] c.e.F.A.FdAggregatorApplication          : Started FdAggregatorApplication in 17.695 seconds (process running for 18.59)
2024-11-03T11:46:54.062+05:30  INFO 18776 --- [FD-Aggregator] [http-nio-8084-exec-3] o.a.c.c.C.[Tomcat].[localhost].[/]       : Initializing Spring DispatcherServlet 'dispatcherServlet'
2024-11-03T12:12:07.273+05:30  INFO 18776 --- [FD-Aggregator] [SpringApplicationShutdownHook] com.zaxxer.hikari.HikariDataSource       : HikariPool-1 - Shutdown initiated...
2024-11-03T12:12:07.294+05:30  INFO 18776 --- [FD-Aggregator] [SpringApplicationShutdownHook] com.zaxxer.hikari.HikariDataSource       : HikariPool-1 - Shutdown completed.
2024-11-03T12:14:29.275+05:30  INFO 16676 --- [FD-Aggregator] [main] c.e.F.A.FdAggregatorApplication          : Starting FdAggregatorApplication using Java 23 with PID 16676 (E:\Spring Boot\FD-Aggregator\target\classes started by ACER in E:\Spring Boot\FD-Aggregator)
2024-11-03T12:14:29.279+05:30 DEBUG 16676 --- [FD-Aggregator] [main] c.e.F.A.FdAggregatorApplication          : Running with Spring Boot v3.3.5, Spring v6.1.14
2024-11-03T12:14:29.288+05:30  INFO 16676 --- [FD-Aggregator] [main] c.e.F.A.FdAggregatorApplication          : No active profile set, falling back to 1 default profile: "default"
2024-11-03T12:14:34.301+05:30  INFO 16676 --- [FD-Aggregator] [main] o.apache.catalina.core.StandardService   : Starting service [Tomcat]
2024-11-03T12:14:34.302+05:30  INFO 16676 --- [FD-Aggregator] [main] o.apache.catalina.core.StandardEngine    : Starting Servlet engine: [Apache Tomcat/10.1.31]
2024-11-03T12:14:34.449+05:30  INFO 16676 --- [FD-Aggregator] [main] o.a.c.c.C.[Tomcat].[localhost].[/]       : Initializing Spring embedded WebApplicationContext
2024-11-03T12:14:34.861+05:30  INFO 16676 --- [FD-Aggregator] [main] o.hibernate.jpa.internal.util.LogHelper  : HHH000204: Processing PersistenceUnitInfo [name: default]
2024-11-03T12:14:35.099+05:30  INFO 16676 --- [FD-Aggregator] [main] org.hibernate.Version                    : HHH000412: Hibernate ORM core version 6.5.3.Final
2024-11-03T12:14:35.195+05:30  INFO 16676 --- [FD-Aggregator] [main] o.h.c.internal.RegionFactoryInitiator    : HHH000026: Second-level cache disabled
2024-11-03T12:14:36.022+05:30  INFO 16676 --- [FD-Aggregator] [main] com.zaxxer.hikari.HikariDataSource       : HikariPool-1 - Starting...
2024-11-03T12:14:36.411+05:30  INFO 16676 --- [FD-Aggregator] [main] com.zaxxer.hikari.pool.HikariPool        : HikariPool-1 - Added connection org.postgresql.jdbc.PgConnection@6fe2a366
2024-11-03T12:14:36.413+05:30  INFO 16676 --- [FD-Aggregator] [main] com.zaxxer.hikari.HikariDataSource       : HikariPool-1 - Start completed.
2024-11-03T12:14:36.508+05:30  WARN 16676 --- [FD-Aggregator] [main] org.hibernate.orm.deprecation            : HHH90000025: PostgreSQLDialect does not need to be specified explicitly using 'hibernate.dialect' (remove the property setting and it will be selected by default)
2024-11-03T12:14:38.675+05:30  INFO 16676 --- [FD-Aggregator] [main] o.h.e.t.j.p.i.JtaPlatformInitiator       : HHH000489: No JTA platform available (set 'hibernate.transaction.jta.platform' to enable JTA platform integration)
2024-11-03T12:14:40.517+05:30  WARN 16676 --- [FD-Aggregator] [main] JpaBaseConfiguration$JpaWebConfiguration : spring.jpa.open-in-view is enabled by default. Therefore, database queries may be performed during view rendering. Explicitly configure spring.jpa.open-in-view to disable this warning
2024-11-03T12:14:42.094+05:30  INFO 16676 --- [FD-Aggregator] [main] c.e.F.A.FdAggregatorApplication          : Started FdAggregatorApplication in 13.817 seconds (process running for 14.722)
2024-11-03T12:15:10.966+05:30  INFO 16676 --- [FD-Aggregator] [http-nio-8084-exec-1] o.a.c.c.C.[Tomcat].[localhost].[/]       : Initializing Spring DispatcherServlet 'dispatcherServlet'
2024-11-03T12:42:02.924+05:30  INFO 16676 --- [FD-Aggregator] [SpringApplicationShutdownHook] com.zaxxer.hikari.HikariDataSource       : HikariPool-1 - Shutdown initiated...
2024-11-03T12:42:02.930+05:30  INFO 16676 --- [FD-Aggregator] [SpringApplicationShutdownHook] com.zaxxer.hikari.HikariDataSource       : HikariPool-1 - Shutdown completed.
2024-11-03T12:42:15.141+05:30  INFO 12268 --- [FD-Aggregator] [main] c.e.F.A.FdAggregatorApplication          : Starting FdAggregatorApplication using Java 23 with PID 12268 (E:\Spring Boot\FD-Aggregator\target\classes started by ACER in E:\Spring Boot\FD-Aggregator)
2024-11-03T12:42:15.143+05:30 DEBUG 12268 --- [FD-Aggregator] [main] c.e.F.A.FdAggregatorApplication          : Running with Spring Boot v3.3.5, Spring v6.1.14
2024-11-03T12:42:15.144+05:30  INFO 12268 --- [FD-Aggregator] [main] c.e.F.A.FdAggregatorApplication          : No active profile set, falling back to 1 default profile: "default"
2024-11-03T12:42:17.828+05:30  INFO 12268 --- [FD-Aggregator] [main] o.apache.catalina.core.StandardService   : Starting service [Tomcat]
2024-11-03T12:42:17.829+05:30  INFO 12268 --- [FD-Aggregator] [main] o.apache.catalina.core.StandardEngine    : Starting Servlet engine: [Apache Tomcat/10.1.31]
2024-11-03T12:42:17.968+05:30  INFO 12268 --- [FD-Aggregator] [main] o.a.c.c.C.[Tomcat].[localhost].[/]       : Initializing Spring embedded WebApplicationContext
2024-11-03T12:42:18.234+05:30  INFO 12268 --- [FD-Aggregator] [main] o.hibernate.jpa.internal.util.LogHelper  : HHH000204: Processing PersistenceUnitInfo [name: default]
2024-11-03T12:42:18.325+05:30  INFO 12268 --- [FD-Aggregator] [main] org.hibernate.Version                    : HHH000412: Hibernate ORM core version 6.5.3.Final
2024-11-03T12:42:18.374+05:30  INFO 12268 --- [FD-Aggregator] [main] o.h.c.internal.RegionFactoryInitiator    : HHH000026: Second-level cache disabled
2024-11-03T12:42:18.849+05:30  INFO 12268 --- [FD-Aggregator] [main] com.zaxxer.hikari.HikariDataSource       : HikariPool-1 - Starting...
2024-11-03T12:42:19.119+05:30  INFO 12268 --- [FD-Aggregator] [main] com.zaxxer.hikari.pool.HikariPool        : HikariPool-1 - Added connection org.postgresql.jdbc.PgConnection@13b29b34
2024-11-03T12:42:19.121+05:30  INFO 12268 --- [FD-Aggregator] [main] com.zaxxer.hikari.HikariDataSource       : HikariPool-1 - Start completed.
2024-11-03T12:42:19.159+05:30  WARN 12268 --- [FD-Aggregator] [main] org.hibernate.orm.deprecation            : HHH90000025: PostgreSQLDialect does not need to be specified explicitly using 'hibernate.dialect' (remove the property setting and it will be selected by default)
2024-11-03T12:42:20.089+05:30  INFO 12268 --- [FD-Aggregator] [main] o.h.e.t.j.p.i.JtaPlatformInitiator       : HHH000489: No JTA platform available (set 'hibernate.transaction.jta.platform' to enable JTA platform integration)
2024-11-03T12:42:21.044+05:30  WARN 12268 --- [FD-Aggregator] [main] JpaBaseConfiguration$JpaWebConfiguration : spring.jpa.open-in-view is enabled by default. Therefore, database queries may be performed during view rendering. Explicitly configure spring.jpa.open-in-view to disable this warning
2024-11-03T12:42:22.064+05:30  INFO 12268 --- [FD-Aggregator] [main] c.e.F.A.FdAggregatorApplication          : Started FdAggregatorApplication in 7.65 seconds (process running for 8.273)
2024-11-03T12:43:09.090+05:30  INFO 12268 --- [FD-Aggregator] [http-nio-8084-exec-2] o.a.c.c.C.[Tomcat].[localhost].[/]       : Initializing Spring DispatcherServlet 'dispatcherServlet'
2024-11-03T12:44:45.653+05:30  INFO 12268 --- [FD-Aggregator] [SpringApplicationShutdownHook] com.zaxxer.hikari.HikariDataSource       : HikariPool-1 - Shutdown initiated...
2024-11-03T12:44:45.659+05:30  INFO 12268 --- [FD-Aggregator] [SpringApplicationShutdownHook] com.zaxxer.hikari.HikariDataSource       : HikariPool-1 - Shutdown completed.
2024-11-03T12:44:55.214+05:30  INFO 19056 --- [FD-Aggregator] [main] c.e.F.A.FdAggregatorApplication          : Starting FdAggregatorApplication using Java 23 with PID 19056 (E:\Spring Boot\FD-Aggregator\target\classes started by ACER in E:\Spring Boot\FD-Aggregator)
2024-11-03T12:44:55.216+05:30 DEBUG 19056 --- [FD-Aggregator] [main] c.e.F.A.FdAggregatorApplication          : Running with Spring Boot v3.3.5, Spring v6.1.14
2024-11-03T12:44:55.217+05:30  INFO 19056 --- [FD-Aggregator] [main] c.e.F.A.FdAggregatorApplication          : No active profile set, falling back to 1 default profile: "default"
2024-11-03T12:44:57.912+05:30  INFO 19056 --- [FD-Aggregator] [main] o.apache.catalina.core.StandardService   : Starting service [Tomcat]
2024-11-03T12:44:57.913+05:30  INFO 19056 --- [FD-Aggregator] [main] o.apache.catalina.core.StandardEngine    : Starting Servlet engine: [Apache Tomcat/10.1.31]
2024-11-03T12:44:58.027+05:30  INFO 19056 --- [FD-Aggregator] [main] o.a.c.c.C.[Tomcat].[localhost].[/]       : Initializing Spring embedded WebApplicationContext
2024-11-03T12:44:58.304+05:30  INFO 19056 --- [FD-Aggregator] [main] o.hibernate.jpa.internal.util.LogHelper  : HHH000204: Processing PersistenceUnitInfo [name: default]
2024-11-03T12:44:58.382+05:30  INFO 19056 --- [FD-Aggregator] [main] org.hibernate.Version                    : HHH000412: Hibernate ORM core version 6.5.3.Final
2024-11-03T12:44:58.426+05:30  INFO 19056 --- [FD-Aggregator] [main] o.h.c.internal.RegionFactoryInitiator    : HHH000026: Second-level cache disabled
2024-11-03T12:44:58.973+05:30  INFO 19056 --- [FD-Aggregator] [main] com.zaxxer.hikari.HikariDataSource       : HikariPool-1 - Starting...
2024-11-03T12:44:59.361+05:30  INFO 19056 --- [FD-Aggregator] [main] com.zaxxer.hikari.pool.HikariPool        : HikariPool-1 - Added connection org.postgresql.jdbc.PgConnection@13b29b34
2024-11-03T12:44:59.362+05:30  INFO 19056 --- [FD-Aggregator] [main] com.zaxxer.hikari.HikariDataSource       : HikariPool-1 - Start completed.
2024-11-03T12:44:59.398+05:30  WARN 19056 --- [FD-Aggregator] [main] org.hibernate.orm.deprecation            : HHH90000025: PostgreSQLDialect does not need to be specified explicitly using 'hibernate.dialect' (remove the property setting and it will be selected by default)
2024-11-03T12:45:00.401+05:30  INFO 19056 --- [FD-Aggregator] [main] o.h.e.t.j.p.i.JtaPlatformInitiator       : HHH000489: No JTA platform available (set 'hibernate.transaction.jta.platform' to enable JTA platform integration)
2024-11-03T12:45:01.379+05:30  WARN 19056 --- [FD-Aggregator] [main] JpaBaseConfiguration$JpaWebConfiguration : spring.jpa.open-in-view is enabled by default. Therefore, database queries may be performed during view rendering. Explicitly configure spring.jpa.open-in-view to disable this warning
2024-11-03T12:45:02.365+05:30  INFO 19056 --- [FD-Aggregator] [main] c.e.F.A.FdAggregatorApplication          : Started FdAggregatorApplication in 7.824 seconds (process running for 8.446)
2024-11-03T12:45:41.617+05:30  INFO 19056 --- [FD-Aggregator] [http-nio-8084-exec-2] o.a.c.c.C.[Tomcat].[localhost].[/]       : Initializing Spring DispatcherServlet 'dispatcherServlet'
2024-11-03T13:20:55.851+05:30  INFO 6276 --- [FD-Aggregator] [main] c.e.F.A.FdAggregatorApplication          : Starting FdAggregatorApplication using Java 23 with PID 6276 (F:\FD-Aggregator\target\classes started by ACER in F:\FD-Aggregator)
2024-11-03T13:20:55.853+05:30 DEBUG 6276 --- [FD-Aggregator] [main] c.e.F.A.FdAggregatorApplication          : Running with Spring Boot v3.3.5, Spring v6.1.14
2024-11-03T13:20:55.854+05:30  INFO 6276 --- [FD-Aggregator] [main] c.e.F.A.FdAggregatorApplication          : No active profile set, falling back to 1 default profile: "default"
2024-11-03T13:20:58.277+05:30  INFO 6276 --- [FD-Aggregator] [main] o.apache.catalina.core.StandardService   : Starting service [Tomcat]
2024-11-03T13:20:58.277+05:30  INFO 6276 --- [FD-Aggregator] [main] o.apache.catalina.core.StandardEngine    : Starting Servlet engine: [Apache Tomcat/10.1.31]
2024-11-03T13:20:58.377+05:30  INFO 6276 --- [FD-Aggregator] [main] o.a.c.c.C.[Tomcat].[localhost].[/]       : Initializing Spring embedded WebApplicationContext
2024-11-03T13:20:58.656+05:30  INFO 6276 --- [FD-Aggregator] [main] o.hibernate.jpa.internal.util.LogHelper  : HHH000204: Processing PersistenceUnitInfo [name: default]
2024-11-03T13:20:58.892+05:30  INFO 6276 --- [FD-Aggregator] [main] org.hibernate.Version                    : HHH000412: Hibernate ORM core version 6.5.3.Final
2024-11-03T13:20:58.978+05:30  INFO 6276 --- [FD-Aggregator] [main] o.h.c.internal.RegionFactoryInitiator    : HHH000026: Second-level cache disabled
2024-11-03T13:20:59.529+05:30  INFO 6276 --- [FD-Aggregator] [main] com.zaxxer.hikari.HikariDataSource       : HikariPool-1 - Starting...
2024-11-03T13:20:59.858+05:30  INFO 6276 --- [FD-Aggregator] [main] com.zaxxer.hikari.pool.HikariPool        : HikariPool-1 - Added connection org.postgresql.jdbc.PgConnection@1115be8c
2024-11-03T13:20:59.860+05:30  INFO 6276 --- [FD-Aggregator] [main] com.zaxxer.hikari.HikariDataSource       : HikariPool-1 - Start completed.
2024-11-03T13:20:59.926+05:30  WARN 6276 --- [FD-Aggregator] [main] org.hibernate.orm.deprecation            : HHH90000025: PostgreSQLDialect does not need to be specified explicitly using 'hibernate.dialect' (remove the property setting and it will be selected by default)
2024-11-03T13:21:00.968+05:30  INFO 6276 --- [FD-Aggregator] [main] o.h.e.t.j.p.i.JtaPlatformInitiator       : HHH000489: No JTA platform available (set 'hibernate.transaction.jta.platform' to enable JTA platform integration)
2024-11-03T13:21:01.985+05:30  WARN 6276 --- [FD-Aggregator] [main] JpaBaseConfiguration$JpaWebConfiguration : spring.jpa.open-in-view is enabled by default. Therefore, database queries may be performed during view rendering. Explicitly configure spring.jpa.open-in-view to disable this warning
2024-11-03T13:21:03.031+05:30  INFO 6276 --- [FD-Aggregator] [main] c.e.F.A.FdAggregatorApplication          : Started FdAggregatorApplication in 7.869 seconds (process running for 8.565)
2024-11-03T13:21:29.619+05:30  INFO 6276 --- [FD-Aggregator] [http-nio-8084-exec-2] o.a.c.c.C.[Tomcat].[localhost].[/]       : Initializing Spring DispatcherServlet 'dispatcherServlet'
2024-11-03T15:18:10.061+05:30  INFO 6276 --- [FD-Aggregator] [SpringApplicationShutdownHook] com.zaxxer.hikari.HikariDataSource       : HikariPool-1 - Shutdown initiated...
2024-11-03T15:18:10.074+05:30  INFO 6276 --- [FD-Aggregator] [SpringApplicationShutdownHook] com.zaxxer.hikari.HikariDataSource       : HikariPool-1 - Shutdown completed.
